<?xml version="1.0" encoding="UTF-8"?>
<!-- Generated by org.testng.reporters.JUnitXMLReporter -->
<testsuite hostname="DESKTOP-8SDMDJS" ignored="0" name="Command line test" tests="3" failures="0" timestamp="07 Mar 2019 20:23:02 GMT" time="6.152" errors="0">
  <testcase name="myAppiumtest" time="0.024" classname="selenium.AppiumTest"/>
  <testcase name="myRestApitest" time="0.0" classname="selenium.RestApiTest"/>
  <testcase name="myseleniumtest" time="6.016" classname="selenium.seleniumTest"/>
</testsuite> <!-- Command line test -->
